[debug] [2020-09-10T14:42:16.103Z] ----------------------------------------------------------------------
[debug] [2020-09-10T14:42:16.105Z] Command:       C:\Program Files\nodejs\node.exe C:\Users\lenovo\AppData\Roaming\npm\node_modules\firebase-tools\lib\bin\firebase.js deploy
[debug] [2020-09-10T14:42:16.105Z] CLI Version:   8.10.0
[debug] [2020-09-10T14:42:16.105Z] Platform:      win32
[debug] [2020-09-10T14:42:16.105Z] Node Version:  v12.18.3
[debug] [2020-09-10T14:42:16.106Z] Time:          Thu Sep 10 2020 17:42:16 GMT+0300 (GMT+03:00)
[debug] [2020-09-10T14:42:16.106Z] ----------------------------------------------------------------------
[debug] [2020-09-10T14:42:16.107Z] 
[debug] [2020-09-10T14:42:16.113Z] > command requires scopes: ["email","openid","https://www.googleapis.com/auth/cloudplatformprojects.readonly","https://www.googleapis.com/auth/firebase","https://www.googleapis.com/auth/cloud-platform"]
[debug] [2020-09-10T14:42:16.113Z] > authorizing via signed-in user
[debug] [2020-09-10T14:42:16.113Z] [iam] checking project internship-app-f1160 for permissions ["cloudfunctions.functions.create","cloudfunctions.functions.delete","cloudfunctions.functions.get","cloudfunctions.functions.list","cloudfunctions.functions.update","cloudfunctions.operations.get","datastore.indexes.create","datastore.indexes.delete","datastore.indexes.list","datastore.indexes.update","firebase.projects.get","firebasedatabase.instances.update","firebasehosting.sites.update","firebaserules.releases.create","firebaserules.releases.update","firebaserules.rulesets.create"]
[debug] [2020-09-10T14:42:16.116Z] >>> HTTP REQUEST POST https://cloudresourcemanager.googleapis.com/v1/projects/internship-app-f1160:testIamPermissions  
 {"permissions":["cloudfunctions.functions.create","cloudfunctions.functions.delete","cloudfunctions.functions.get","cloudfunctions.functions.list","cloudfunctions.functions.update","cloudfunctions.operations.get","datastore.indexes.create","datastore.indexes.delete","datastore.indexes.list","datastore.indexes.update","firebase.projects.get","firebasedatabase.instances.update","firebasehosting.sites.update","firebaserules.releases.create","firebaserules.releases.update","firebaserules.rulesets.create"]}
[debug] [2020-09-10T14:42:16.433Z] <<< HTTP RESPONSE 200 {"content-type":"application/json; charset=UTF-8","vary":"X-Origin, Referer, Origin,Accept-Encoding","date":"Thu, 10 Sep 2020 14:42:16 GMT","server":"ESF","cache-control":"private","x-xss-protection":"0","x-frame-options":"SAMEORIGIN","x-content-type-options":"nosniff","server-timing":"gfet4t7; dur=148","alt-svc":"h3-29=\":443\"; ma=2592000,h3-27=\":443\"; ma=2592000,h3-T051=\":443\"; ma=2592000,h3-T050=\":443\"; ma=2592000,h3-Q050=\":443\"; ma=2592000,h3-Q046=\":443\"; ma=2592000,h3-Q043=\":443\"; ma=2592000,quic=\":443\"; ma=2592000; v=\"46,43\"","accept-ranges":"none","transfer-encoding":"chunked"}
[debug] [2020-09-10T14:42:16.434Z] >>> HTTP REQUEST POST https://iam.googleapis.com/v1/projects/internship-app-f1160/serviceAccounts/internship-app-f1160@appspot.gserviceaccount.com:testIamPermissions  
 {"permissions":["iam.serviceAccounts.actAs"]}
[debug] [2020-09-10T14:42:17.302Z] <<< HTTP RESPONSE 200 {"content-type":"application/json; charset=UTF-8","vary":"X-Origin, Referer, Origin,Accept-Encoding","date":"Thu, 10 Sep 2020 14:42:17 GMT","server":"ESF","cache-control":"private","x-xss-protection":"0","x-frame-options":"SAMEORIGIN","x-content-type-options":"nosniff","alt-svc":"h3-29=\":443\"; ma=2592000,h3-27=\":443\"; ma=2592000,h3-T051=\":443\"; ma=2592000,h3-T050=\":443\"; ma=2592000,h3-Q050=\":443\"; ma=2592000,h3-Q046=\":443\"; ma=2592000,h3-Q043=\":443\"; ma=2592000,quic=\":443\"; ma=2592000; v=\"46,43\"","accept-ranges":"none","transfer-encoding":"chunked"}
[debug] [2020-09-10T14:42:17.303Z] >>> HTTP REQUEST GET https://firebase.googleapis.com/v1beta1/projects/internship-app-f1160  
 
[debug] [2020-09-10T14:42:17.569Z] <<< HTTP RESPONSE 200 {"content-type":"application/json; charset=UTF-8","vary":"X-Origin, Referer, Origin,Accept-Encoding","date":"Thu, 10 Sep 2020 14:42:17 GMT","server":"ESF","cache-control":"private","x-xss-protection":"0","x-frame-options":"SAMEORIGIN","x-content-type-options":"nosniff","alt-svc":"h3-29=\":443\"; ma=2592000,h3-27=\":443\"; ma=2592000,h3-T051=\":443\"; ma=2592000,h3-T050=\":443\"; ma=2592000,h3-Q050=\":443\"; ma=2592000,h3-Q046=\":443\"; ma=2592000,h3-Q043=\":443\"; ma=2592000,quic=\":443\"; ma=2592000; v=\"46,43\"","accept-ranges":"none","transfer-encoding":"chunked"}
[debug] [2020-09-10T14:42:17.715Z] TypeError [ERR_INVALID_ARG_TYPE]: The "path" argument must be of type string. Received undefined
    at validateString (internal/validators.js:120:11)
    at Object.join (path.js:375:7)
    at Object.checkFunctionsSDKVersion [as fn] (C:\Users\lenovo\AppData\Roaming\npm\node_modules\firebase-tools\lib\checkFirebaseSDKVersion.js:34:28)
    at Command.<anonymous> (C:\Users\lenovo\AppData\Roaming\npm\node_modules\firebase-tools\lib\command.js:164:30)
    at Generator.next (<anonymous>)
    at fulfilled (C:\Users\lenovo\AppData\Roaming\npm\node_modules\firebase-tools\lib\command.js:5:58)
    at processTicksAndRejections (internal/process/task_queues.js:97:5)
[error] 
[error] Error: An unexpected error has occurred.
